include/x86.h(20): Warning! W138: No newline at end of file
include/disk.h(14): Warning! W138: No newline at end of file
include/fat.h(43): Warning! W138: No newline at end of file
include/memdef.h(7): Warning! W138: No newline at end of file
include/string.h(9): Warning! W138: No newline at end of file
include/string.h(9): Warning! W129: #endif matches #if in different source file 'include/string.h'
include/math.h(8): Warning! W138: No newline at end of file
include/math.h(8): Warning! W129: #endif matches #if in different source file 'include/math.h'
kernel/fat.c(143): Warning! W116: Attempt to return address of auto variable
kernel/fat.c(152): Warning! W112: Pointer truncated
kernel/fat.c(152): Note! I2003: source conversion type is 'FAT_DirectoryEntry __far *'
kernel/fat.c(152): Note! I2004: target conversion type is 'FAT_DirectoryEntry *'
kernel/fat.c(165): Warning! W112: Pointer truncated
kernel/fat.c(165): Note! I2003: source conversion type is 'struct {...} __far *'
kernel/fat.c(165): Note! I2004: target conversion type is 'FAT_File *'
kernel/fat.c(204): Warning! E1181: Parameter 1, sign specifier mismatch
kernel/fat.c(204): Note! I2003: source conversion type is 'unsigned char *'
kernel/fat.c(204): Note! I2004: target conversion type is 'signed char *'
kernel/fat.c(204): Warning! E1181: Parameter 2, sign specifier mismatch
kernel/fat.c(204): Note! I2003: source conversion type is 'unsigned char __far *'
kernel/fat.c(204): Note! I2004: target conversion type is 'signed char *'
kernel/fat.c(219): Warning! W138: No newline at end of file
kernel/fat.c(197): Warning! W202: Symbol 'currentCluster' has been defined, but not referenced
